2025-09-03 20:44:54.616 | INFO     | __main__:<module>:41 - Logging to file: logs\project_log.log
2025-09-03 20:44:54.616 | INFO     | __main__:main:63 - STARTING utils_logger.py
2025-09-03 20:44:54.617 | INFO     | __main__:log_example:54 - This is an example info message.
2025-09-03 20:44:54.617 | WARNING  | __main__:log_example:55 - This is an example warning message.
2025-09-03 20:44:54.618 | ERROR    | __main__:log_example:56 - This is an example error message.
2025-09-03 20:44:54.619 | INFO     | __main__:main:68 - View the log output at logs\project_log.log
2025-09-03 20:44:54.619 | INFO     | __main__:main:69 - EXITING utils_logger.py.
2025-09-03 20:45:35.536 | INFO     | __main__:<module>:41 - Logging to file: logs\project_log.log
2025-09-03 20:45:35.537 | INFO     | __main__:main:63 - STARTING utils_logger.py
2025-09-03 20:45:35.537 | INFO     | __main__:log_example:54 - This is an example info message.
2025-09-03 20:45:35.537 | WARNING  | __main__:log_example:55 - This is an example warning message.
2025-09-03 20:45:35.537 | ERROR    | __main__:log_example:56 - This is an example error message.
2025-09-03 20:45:35.538 | INFO     | __main__:main:68 - View the log output at logs\project_log.log
2025-09-03 20:45:35.538 | INFO     | __main__:main:69 - EXITING utils_logger.py.
2025-09-12 20:32:52.348 | INFO     | utils_logger:<module>:41 - Logging to file: logs\project_log.log
2025-09-12 20:32:52.349 | INFO     | __main__:main:97 - Starting CSV fetch demonstration...
2025-09-12 20:32:52.350 | INFO     | __main__:fetch_csv_file:56 - Fetching CSV data from https://raw.githubusercontent.com/MainakRepositor/Datasets/master/World%20Happiness%20Data/2020.csv...
2025-09-12 20:32:53.124 | INFO     | __main__:write_csv_file:80 - Writing CSV data to data\2020_happiness.csv...
2025-09-12 20:32:53.128 | INFO     | __main__:write_csv_file:84 - SUCCESS: CSV data written to data\2020_happiness.csv
2025-09-12 20:32:53.128 | INFO     | __main__:fetch_csv_file:60 - SUCCESS: CSV file fetched and saved as 2020_happiness.csv
2025-09-12 20:35:22.326 | INFO     | utils_logger:<module>:41 - Logging to file: logs\project_log.log
2025-09-12 20:35:22.327 | INFO     | __main__:main:97 - Starting CSV fetch demonstration...
2025-09-12 20:35:22.327 | INFO     | __main__:fetch_csv_file:56 - Fetching CSV data from https://www.kaggle.com/datasets/azminetoushikwasi/ott-video-streaming-platforms-revenue-and-users?select=LibrarySize.csv...
2025-09-12 20:35:23.144 | INFO     | __main__:write_csv_file:80 - Writing CSV data to data\LibrarySize.csv...
2025-09-12 20:35:23.147 | INFO     | __main__:write_csv_file:84 - SUCCESS: CSV data written to data\LibrarySize.csv
2025-09-12 20:35:23.147 | INFO     | __main__:fetch_csv_file:60 - SUCCESS: CSV file fetched and saved as LibrarySize.csv
2025-09-12 20:40:05.297 | INFO     | utils_logger:<module>:41 - Logging to file: logs\project_log.log
2025-09-12 20:40:05.297 | INFO     | __main__:main:97 - Starting CSV fetch demonstration...
2025-09-12 20:40:05.298 | INFO     | __main__:fetch_csv_file:56 - Fetching CSV data from https://github.com/KickItLikeShika/Scraping-Disney-Data/blob/5586716f5ac2e634d1bdbdc70ea6da806590a19b/DisneyMovies_cleaned_data.csv...
2025-09-12 20:40:06.463 | INFO     | __main__:write_csv_file:80 - Writing CSV data to data\DisneyMovieData.csv...
2025-09-12 20:41:19.869 | INFO     | utils_logger:<module>:41 - Logging to file: logs\project_log.log
2025-09-12 20:41:19.870 | INFO     | __main__:main:97 - Starting CSV fetch demonstration...
2025-09-12 20:41:19.870 | INFO     | __main__:fetch_csv_file:56 - Fetching CSV data from https://github.com/KickItLikeShika/Scraping-Disney-Data/blob/5586716f5ac2e634d1bdbdc70ea6da806590a19b/DisneyMovies_cleaned_data.csv...
2025-09-12 20:41:20.975 | INFO     | __main__:write_csv_file:80 - Writing CSV data to data\DisneyMovies_cleaned_data.csv...
2025-09-12 20:43:01.327 | INFO     | utils_logger:<module>:41 - Logging to file: logs\project_log.log
2025-09-12 20:43:01.328 | INFO     | __main__:main:97 - Starting CSV fetch demonstration...
2025-09-12 20:43:01.328 | INFO     | __main__:fetch_csv_file:56 - Fetching CSV data from https://github.com/KickItLikeShika/Scraping-Disney-Data/blob/5586716f5ac2e634d1bdbdc70ea6da806590a19b/DisneyMovies_cleaned_data.csv?raw=true...
2025-09-12 20:43:03.130 | INFO     | __main__:write_csv_file:80 - Writing CSV data to data\DisneyMovies_cleaned_data.csv...
2025-09-12 20:45:53.522 | INFO     | utils_logger:<module>:41 - Logging to file: logs\project_log.log
2025-09-12 20:45:53.522 | INFO     | __main__:main:97 - Starting CSV fetch demonstration...
2025-09-12 20:45:53.523 | INFO     | __main__:fetch_csv_file:56 - Fetching CSV data from https://github.com/KickItLikeShika/Scraping-Disney-Data/blob/5586716f5ac2e634d1bdbdc70ea6da806590a19b/DisneyMovies_cleaned_data.csv?raw=true...
2025-09-12 20:45:55.224 | INFO     | __main__:write_csv_file:80 - Writing CSV data to data\DisneyMovies_cleaned_data.csv...
2025-09-12 20:45:55.229 | INFO     | __main__:write_csv_file:84 - SUCCESS: CSV data written to data\DisneyMovies_cleaned_data.csv
2025-09-12 20:45:55.229 | INFO     | __main__:fetch_csv_file:60 - SUCCESS: CSV file fetched and saved as DisneyMovies_cleaned_data.csv
